

Started GET "/ChkPassword/?level=0&pwd=123" for 127.0.0.1 at 2015-10-11 17:24:19 +0000
Processing by HackgameController#CheckPassword as HTML
  Parameters: {"level"=>"0", "pwd"=>"123"}
Redirected to javascript:alert("Incorrect")
Completed 302 Found in 7ms (ActiveRecord: 0.0ms)


Started GET "/ChkPassword/?level=0&pwd=123" for 127.0.0.1 at 2015-10-11 17:24:19 +0000
Processing by HackgameController#CheckPassword as HTML
  Parameters: {"level"=>"0", "pwd"=>"123"}
Redirected to javascript:alert("Incorrect")
Completed 302 Found in 0ms (ActiveRecord: 0.0ms)


Started GET "/ChkPassword/?level=0&pwd=123" for 127.0.0.1 at 2015-10-11 17:24:19 +0000
Processing by HackgameController#CheckPassword as HTML
  Parameters: {"level"=>"0", "pwd"=>"123"}
Redirected to javascript:alert("Incorrect")
Completed 302 Found in 1ms (ActiveRecord: 0.0ms)


Started GET "/ChkPassword/?level=0&pwd=123" for 127.0.0.1 at 2015-10-11 17:24:21 +0000
Processing by HackgameController#CheckPassword as HTML
  Parameters: {"level"=>"0", "pwd"=>"123"}
Redirected to javascript:alert("Incorrect")
Completed 302 Found in 1ms (ActiveRecord: 0.0ms)


Started GET "/ChkPassword/?level=0&pwd=123" for 127.0.0.1 at 2015-10-11 17:24:21 +0000
Processing by HackgameController#CheckPassword as HTML
  Parameters: {"level"=>"0", "pwd"=>"123"}
Redirected to javascript:alert("Incorrect")
Completed 302 Found in 1ms (ActiveRecord: 0.0ms)


Started GET "/ChkPassword/?level=0&pwd=123" for 127.0.0.1 at 2015-10-11 17:24:21 +0000
Processing by HackgameController#CheckPassword as HTML
  Parameters: {"level"=>"0", "pwd"=>"123"}
Redirected to javascript:alert("Incorrect")
Completed 302 Found in 1ms (ActiveRecord: 0.0ms)


Started GET "/ChkPassword/?level=0&pwd=123" for 127.0.0.1 at 2015-10-11 17:24:22 +0000
Processing by HackgameController#CheckPassword as HTML
  Parameters: {"level"=>"0", "pwd"=>"123"}
Redirected to javascript:alert("Incorrect")
Completed 302 Found in 1ms (ActiveRecord: 0.0ms)


Started GET "/ChkPassword/?level=0&pwd=123" for 127.0.0.1 at 2015-10-11 17:24:22 +0000
Processing by HackgameController#CheckPassword as HTML
  Parameters: {"level"=>"0", "pwd"=>"123"}
Redirected to javascript:alert("Incorrect")
Completed 302 Found in 0ms (ActiveRecord: 0.0ms)


Started GET "/ChkPassword/?level=0&pwd=123" for 127.0.0.1 at 2015-10-11 17:24:22 +0000
Processing by HackgameController#CheckPassword as HTML
  Parameters: {"level"=>"0", "pwd"=>"123"}
Redirected to javascript:alert("Incorrect")
Completed 302 Found in 0ms (ActiveRecord: 0.0ms)


Started GET "/ChkPassword/?level=0&pwd=123" for 127.0.0.1 at 2015-10-11 17:24:23 +0000
Processing by HackgameController#CheckPassword as HTML
  Parameters: {"level"=>"0", "pwd"=>"123"}
Redirected to javascript:alert("Incorrect")
Completed 302 Found in 1ms (ActiveRecord: 0.0ms)


Started GET "/ChkPassword/?level=0&pwd=123" for 127.0.0.1 at 2015-10-11 17:24:23 +0000
Processing by HackgameController#CheckPassword as HTML
  Parameters: {"level"=>"0", "pwd"=>"123"}
Redirected to javascript:alert("Incorrect")
Completed 302 Found in 1ms (ActiveRecord: 0.0ms)


Started GET "/ChkPassword/?level=0&pwd=123" for 127.0.0.1 at 2015-10-11 17:24:23 +0000
Processing by HackgameController#CheckPassword as HTML
  Parameters: {"level"=>"0", "pwd"=>"123"}
Redirected to javascript:alert("Incorrect")
Completed 302 Found in 1ms (ActiveRecord: 0.0ms)


Started GET "/ChkPassword/?level=0&pwd=hahahahahaha" for 127.0.0.1 at 2015-10-11 17:24:41 +0000
Processing by HackgameController#CheckPassword as HTML
  Parameters: {"level"=>"0", "pwd"=>"hahahahahaha"}
Redirected to javascript:alert("Incorrect")
Completed 302 Found in 1ms (ActiveRecord: 0.0ms)


Started GET "/ChkPassword/?level=0&pwd=hahahahahaha" for 127.0.0.1 at 2015-10-11 17:24:41 +0000
Processing by HackgameController#CheckPassword as HTML
  Parameters: {"level"=>"0", "pwd"=>"hahahahahaha"}
Redirected to javascript:alert("Incorrect")
Completed 302 Found in 1ms (ActiveRecord: 0.0ms)


Started GET "/ChkPassword/?level=0&pwd=hahahahahaha" for 127.0.0.1 at 2015-10-11 17:24:41 +0000
Processing by HackgameController#CheckPassword as HTML
  Parameters: {"level"=>"0", "pwd"=>"hahahahahaha"}
Redirected to javascript:alert("Incorrect")
Completed 302 Found in 1ms (ActiveRecord: 0.0ms)


Started GET "/ChkPassword/?level=0&pwd=hahahahahaha" for 127.0.0.1 at 2015-10-11 17:24:42 +0000
Processing by HackgameController#CheckPassword as HTML
  Parameters: {"level"=>"0", "pwd"=>"hahahahahaha"}
Redirected to javascript:alert("Incorrect")
Completed 302 Found in 1ms (ActiveRecord: 0.0ms)


Started GET "/ChkPassword/?level=0&pwd=hahahahahaha" for 127.0.0.1 at 2015-10-11 17:24:42 +0000
Processing by HackgameController#CheckPassword as HTML
  Parameters: {"level"=>"0", "pwd"=>"hahahahahaha"}
Redirected to javascript:alert("Incorrect")
Completed 302 Found in 1ms (ActiveRecord: 0.0ms)


Started GET "/ChkPassword/?level=0&pwd=hahahahahaha" for 127.0.0.1 at 2015-10-11 17:24:42 +0000
Processing by HackgameController#CheckPassword as HTML
  Parameters: {"level"=>"0", "pwd"=>"hahahahahaha"}
Redirected to javascript:alert("Incorrect")
Completed 302 Found in 1ms (ActiveRecord: 0.0ms)


Started GET "/" for 127.0.0.1 at 2015-10-11 17:24:46 +0000
Processing by Rails::WelcomeController#index as HTML
  Rendered /usr/local/lib/ruby/gems/2.2.0/gems/railties-4.2.1/lib/rails/templates/rails/welcome/index.html.erb (1.4ms)
Completed 200 OK in 8ms (Views: 8.1ms | ActiveRecord: 0.0ms)


Started GET "/ChkPassword/?level=0&pwd=hahahahahaha" for 127.0.0.1 at 2015-10-11 17:25:28 +0000
Processing by HackgameController#CheckPassword as HTML
  Parameters: {"level"=>"0", "pwd"=>"hahahahahaha"}
Redirected to javascript:alert("Incorrect")
Completed 302 Found in 1ms (ActiveRecord: 0.0ms)


Started GET "/ChkPassword/?level=0&pwd=hahahahahaha" for 127.0.0.1 at 2015-10-11 17:25:28 +0000
Processing by HackgameController#CheckPassword as HTML
  Parameters: {"level"=>"0", "pwd"=>"hahahahahaha"}
Redirected to javascript:alert("Incorrect")
Completed 302 Found in 1ms (ActiveRecord: 0.0ms)


Started GET "/ChkPassword/?level=0&pwd=hahahahahaha" for 127.0.0.1 at 2015-10-11 17:25:28 +0000
Processing by HackgameController#CheckPassword as HTML
  Parameters: {"level"=>"0", "pwd"=>"hahahahahaha"}
Redirected to javascript:alert("Incorrect")
Completed 302 Found in 0ms (ActiveRecord: 0.0ms)


Started GET "/ChkPassword/?level=0&pwd=hahahahahaha" for 127.0.0.1 at 2015-10-11 17:25:28 +0000
Processing by HackgameController#CheckPassword as HTML
  Parameters: {"level"=>"0", "pwd"=>"hahahahahaha"}
Redirected to javascript:alert("Incorrect")
Completed 302 Found in 1ms (ActiveRecord: 0.0ms)


Started GET "/ChkPassword/?level=0&pwd=hahahahahaha" for 127.0.0.1 at 2015-10-11 17:25:28 +0000
Processing by HackgameController#CheckPassword as HTML
  Parameters: {"level"=>"0", "pwd"=>"hahahahahaha"}
Redirected to javascript:alert("Incorrect")
Completed 302 Found in 1ms (ActiveRecord: 0.0ms)


Started GET "/ChkPassword/?level=0&pwd=hahahahahaha" for 127.0.0.1 at 2015-10-11 17:25:28 +0000
Processing by HackgameController#CheckPassword as HTML
  Parameters: {"level"=>"0", "pwd"=>"hahahahahaha"}
Redirected to javascript:alert("Incorrect")
Completed 302 Found in 1ms (ActiveRecord: 0.0ms)


Started GET "/ChkPassword/level=0&pwd=hahahahahaha" for 127.0.0.1 at 2015-10-11 17:25:30 +0000

ActionController::RoutingError (No route matches [GET] "/ChkPassword/level=0&pwd=hahahahahaha"):
  actionpack (4.2.1) lib/action_dispatch/middleware/debug_exceptions.rb:21:in `call'
  web-console (2.2.1) lib/web_console/middleware.rb:39:in `call'
  actionpack (4.2.1) lib/action_dispatch/middleware/show_exceptions.rb:30:in `call'
  railties (4.2.1) lib/rails/rack/logger.rb:38:in `call_app'
  railties (4.2.1) lib/rails/rack/logger.rb:20:in `block in call'
  activesupport (4.2.1) lib/active_support/tagged_logging.rb:68:in `block in tagged'
  activesupport (4.2.1) lib/active_support/tagged_logging.rb:26:in `tagged'
  activesupport (4.2.1) lib/active_support/tagged_logging.rb:68:in `tagged'
  railties (4.2.1) lib/rails/rack/logger.rb:20:in `call'
  actionpack (4.2.1) lib/action_dispatch/middleware/request_id.rb:21:in `call'
  rack (1.6.4) lib/rack/methodoverride.rb:22:in `call'
  rack (1.6.4) lib/rack/runtime.rb:18:in `call'
  activesupport (4.2.1) lib/active_support/cache/strategy/local_cache_middleware.rb:28:in `call'
  rack (1.6.4) lib/rack/lock.rb:17:in `call'
  actionpack (4.2.1) lib/action_dispatch/middleware/static.rb:113:in `call'
  rack (1.6.4) lib/rack/sendfile.rb:113:in `call'
  railties (4.2.1) lib/rails/engine.rb:518:in `call'
  railties (4.2.1) lib/rails/application.rb:164:in `call'
  rack (1.6.4) lib/rack/lock.rb:17:in `call'
  rack (1.6.4) lib/rack/content_length.rb:15:in `call'
  rack (1.6.4) lib/rack/handler/webrick.rb:88:in `service'
  /usr/local/lib/ruby/2.2.0/webrick/httpserver.rb:138:in `service'
  /usr/local/lib/ruby/2.2.0/webrick/httpserver.rb:94:in `run'
  /usr/local/lib/ruby/2.2.0/webrick/server.rb:294:in `block in start_thread'


  Rendered /usr/local/lib/ruby/gems/2.2.0/gems/actionpack-4.2.1/lib/action_dispatch/middleware/templates/rescues/_trace.html.erb (1.8ms)
  Rendered /usr/local/lib/ruby/gems/2.2.0/gems/actionpack-4.2.1/lib/action_dispatch/middleware/templates/routes/_route.html.erb (0.7ms)
  Rendered /usr/local/lib/ruby/gems/2.2.0/gems/actionpack-4.2.1/lib/action_dispatch/middleware/templates/routes/_table.html.erb (10.3ms)
  Rendered /usr/local/lib/ruby/gems/2.2.0/gems/actionpack-4.2.1/lib/action_dispatch/middleware/templates/rescues/_request_and_response.html.erb (1.1ms)
  Rendered /usr/local/lib/ruby/gems/2.2.0/gems/actionpack-4.2.1/lib/action_dispatch/middleware/templates/rescues/routing_error.html.erb within rescues/layout (32.2ms)
  Rendered /usr/local/lib/ruby/gems/2.2.0/gems/web-console-2.2.1/lib/web_console/templates/_markup.html.erb (0.8ms)
  Rendered /usr/local/lib/ruby/gems/2.2.0/gems/web-console-2.2.1/lib/web_console/templates/_inner_console_markup.html.erb within layouts/inlined_string (0.3ms)
  Rendered /usr/local/lib/ruby/gems/2.2.0/gems/web-console-2.2.1/lib/web_console/templates/_prompt_box_markup.html.erb within layouts/inlined_string (0.7ms)
  Rendered /usr/local/lib/ruby/gems/2.2.0/gems/web-console-2.2.1/lib/web_console/templates/style.css.erb within layouts/inlined_string (0.2ms)
  Rendered /usr/local/lib/ruby/gems/2.2.0/gems/web-console-2.2.1/lib/web_console/templates/console.js.erb within layouts/javascript (15.7ms)
  Rendered /usr/local/lib/ruby/gems/2.2.0/gems/web-console-2.2.1/lib/web_console/templates/main.js.erb within layouts/javascript (0.2ms)
  Rendered /usr/local/lib/ruby/gems/2.2.0/gems/web-console-2.2.1/lib/web_console/templates/error_page.js.erb within layouts/javascript (0.8ms)
  Rendered /usr/local/lib/ruby/gems/2.2.0/gems/web-console-2.2.1/lib/web_console/templates/index.html.erb (30.7ms)


Started GET "/ChkPassword/%EF%BC%9Flevel=0&pwd=hahahahahaha" for 127.0.0.1 at 2015-10-11 17:25:39 +0000

ActionController::RoutingError (No route matches [GET] "/ChkPassword/%EF%BC%9Flevel=0&pwd=hahahahahaha"):
  actionpack (4.2.1) lib/action_dispatch/middleware/debug_exceptions.rb:21:in `call'
  web-console (2.2.1) lib/web_console/middleware.rb:39:in `call'
  actionpack (4.2.1) lib/action_dispatch/middleware/show_exceptions.rb:30:in `call'
  railties (4.2.1) lib/rails/rack/logger.rb:38:in `call_app'
  railties (4.2.1) lib/rails/rack/logger.rb:20:in `block in call'
  activesupport (4.2.1) lib/active_support/tagged_logging.rb:68:in `block in tagged'
  activesupport (4.2.1) lib/active_support/tagged_logging.rb:26:in `tagged'
  activesupport (4.2.1) lib/active_support/tagged_logging.rb:68:in `tagged'
  railties (4.2.1) lib/rails/rack/logger.rb:20:in `call'
  actionpack (4.2.1) lib/action_dispatch/middleware/request_id.rb:21:in `call'
  rack (1.6.4) lib/rack/methodoverride.rb:22:in `call'
  rack (1.6.4) lib/rack/runtime.rb:18:in `call'
  activesupport (4.2.1) lib/active_support/cache/strategy/local_cache_middleware.rb:28:in `call'
  rack (1.6.4) lib/rack/lock.rb:17:in `call'
  actionpack (4.2.1) lib/action_dispatch/middleware/static.rb:113:in `call'
  rack (1.6.4) lib/rack/sendfile.rb:113:in `call'
  railties (4.2.1) lib/rails/engine.rb:518:in `call'
  railties (4.2.1) lib/rails/application.rb:164:in `call'
  rack (1.6.4) lib/rack/lock.rb:17:in `call'
  rack (1.6.4) lib/rack/content_length.rb:15:in `call'
  rack (1.6.4) lib/rack/handler/webrick.rb:88:in `service'
  /usr/local/lib/ruby/2.2.0/webrick/httpserver.rb:138:in `service'
  /usr/local/lib/ruby/2.2.0/webrick/httpserver.rb:94:in `run'
  /usr/local/lib/ruby/2.2.0/webrick/server.rb:294:in `block in start_thread'


  Rendered /usr/local/lib/ruby/gems/2.2.0/gems/actionpack-4.2.1/lib/action_dispatch/middleware/templates/rescues/_trace.html.erb (3.0ms)
  Rendered /usr/local/lib/ruby/gems/2.2.0/gems/actionpack-4.2.1/lib/action_dispatch/middleware/templates/routes/_route.html.erb (0.9ms)
  Rendered /usr/local/lib/ruby/gems/2.2.0/gems/actionpack-4.2.1/lib/action_dispatch/middleware/templates/routes/_table.html.erb (1.4ms)
  Rendered /usr/local/lib/ruby/gems/2.2.0/gems/actionpack-4.2.1/lib/action_dispatch/middleware/templates/rescues/_request_and_response.html.erb (1.4ms)
  Rendered /usr/local/lib/ruby/gems/2.2.0/gems/actionpack-4.2.1/lib/action_dispatch/middleware/templates/rescues/routing_error.html.erb within rescues/layout (21.8ms)
  Rendered /usr/local/lib/ruby/gems/2.2.0/gems/web-console-2.2.1/lib/web_console/templates/_markup.html.erb (0.2ms)
  Rendered /usr/local/lib/ruby/gems/2.2.0/gems/web-console-2.2.1/lib/web_console/templates/_inner_console_markup.html.erb within layouts/inlined_string (0.2ms)
  Rendered /usr/local/lib/ruby/gems/2.2.0/gems/web-console-2.2.1/lib/web_console/templates/_prompt_box_markup.html.erb within layouts/inlined_string (0.2ms)
  Rendered /usr/local/lib/ruby/gems/2.2.0/gems/web-console-2.2.1/lib/web_console/templates/style.css.erb within layouts/inlined_string (0.3ms)
  Rendered /usr/local/lib/ruby/gems/2.2.0/gems/web-console-2.2.1/lib/web_console/templates/console.js.erb within layouts/javascript (14.2ms)
  Rendered /usr/local/lib/ruby/gems/2.2.0/gems/web-console-2.2.1/lib/web_console/templates/main.js.erb within layouts/javascript (0.7ms)
  Rendered /usr/local/lib/ruby/gems/2.2.0/gems/web-console-2.2.1/lib/web_console/templates/error_page.js.erb within layouts/javascript (0.5ms)
  Rendered /usr/local/lib/ruby/gems/2.2.0/gems/web-console-2.2.1/lib/web_console/templates/index.html.erb (27.2ms)


Started GET "/ChkPassword/?level=0&pwd=hahahahahaha" for 127.0.0.1 at 2015-10-11 17:25:47 +0000
Processing by HackgameController#CheckPassword as HTML
  Parameters: {"level"=>"0", "pwd"=>"hahahahahaha"}
Redirected to javascript:alert("Incorrect")
Completed 302 Found in 1ms (ActiveRecord: 0.0ms)


Started GET "/ChkPassword/?level=0&pwd=hahahahahaha" for 127.0.0.1 at 2015-10-11 17:25:47 +0000
Processing by HackgameController#CheckPassword as HTML
  Parameters: {"level"=>"0", "pwd"=>"hahahahahaha"}
Redirected to javascript:alert("Incorrect")
Completed 302 Found in 0ms (ActiveRecord: 0.0ms)


Started GET "/ChkPassword/?level=0&pwd=hahahahahaha" for 127.0.0.1 at 2015-10-11 17:25:47 +0000
Processing by HackgameController#CheckPassword as HTML
  Parameters: {"level"=>"0", "pwd"=>"hahahahahaha"}
Redirected to javascript:alert("Incorrect")
Completed 302 Found in 1ms (ActiveRecord: 0.0ms)


Started GET "/ChkPassword/?level=0&pwd=hahahahahaha" for 127.0.0.1 at 2015-10-11 17:25:47 +0000
Processing by HackgameController#CheckPassword as HTML
  Parameters: {"level"=>"0", "pwd"=>"hahahahahaha"}
Redirected to javascript:alert("Incorrect")
Completed 302 Found in 2ms (ActiveRecord: 0.0ms)


Started GET "/ChkPassword/?level=0&pwd=hahahahahaha" for 127.0.0.1 at 2015-10-11 17:25:47 +0000
Processing by HackgameController#CheckPassword as HTML
  Parameters: {"level"=>"0", "pwd"=>"hahahahahaha"}
Redirected to javascript:alert("Incorrect")
Completed 302 Found in 1ms (ActiveRecord: 0.0ms)


Started GET "/ChkPassword/?level=0&pwd=hahahahahaha" for 127.0.0.1 at 2015-10-11 17:25:50 +0000
Processing by HackgameController#CheckPassword as HTML
  Parameters: {"level"=>"0", "pwd"=>"hahahahahaha"}
Redirected to javascript:alert("Incorrect")
Completed 302 Found in 1ms (ActiveRecord: 0.0ms)


Started GET "/ChkPassword/?level=0&pwd=hahahahahaha" for 127.0.0.1 at 2015-10-11 17:25:50 +0000
Processing by HackgameController#CheckPassword as HTML
  Parameters: {"level"=>"0", "pwd"=>"hahahahahaha"}
Redirected to javascript:alert("Incorrect")
Completed 302 Found in 1ms (ActiveRecord: 0.0ms)


Started GET "/ChkPassword/?level=0&pwd=hahahahahaha" for 127.0.0.1 at 2015-10-11 17:25:50 +0000
Processing by HackgameController#CheckPassword as HTML
  Parameters: {"level"=>"0", "pwd"=>"hahahahahaha"}
Redirected to javascript:alert("Incorrect")
Completed 302 Found in 0ms (ActiveRecord: 0.0ms)


Started GET "/ChkPassword/?level=0&pwd=hahahahahaha" for 127.0.0.1 at 2015-10-11 17:25:55 +0000
Processing by HackgameController#CheckPassword as HTML
  Parameters: {"level"=>"0", "pwd"=>"hahahahahaha"}
Redirected to javascript:alert("Incorrect")
Completed 302 Found in 0ms (ActiveRecord: 0.0ms)


Started GET "/ChkPassword/?level=0&pwd=hahahahahaha" for 127.0.0.1 at 2015-10-11 17:26:25 +0000
Processing by HackgameController#CheckPassword as HTML
  Parameters: {"level"=>"0", "pwd"=>"hahahahahaha"}
Redirected to javascript:alert("Incorrect")
Completed 302 Found in 1ms (ActiveRecord: 0.0ms)


Started GET "/ChkPassword/?level=0&pwd=%22hahahahahaha%22" for 127.0.0.1 at 2015-10-11 17:26:46 +0000
Processing by HackgameController#CheckPassword as HTML
  Parameters: {"level"=>"0", "pwd"=>"\"hahahahahaha\""}
Redirected to javascript:alert("Incorrect")
Completed 302 Found in 1ms (ActiveRecord: 0.0ms)


Started GET "/ChkPassword/?level=0&pwd=%22hahahahahaha%22" for 127.0.0.1 at 2015-10-11 17:26:46 +0000
Processing by HackgameController#CheckPassword as HTML
  Parameters: {"level"=>"0", "pwd"=>"\"hahahahahaha\""}
Redirected to javascript:alert("Incorrect")
Completed 302 Found in 0ms (ActiveRecord: 0.0ms)


Started GET "/ChkPassword/?level=0&pwd=hahahahahaha" for 127.0.0.1 at 2015-10-11 17:27:01 +0000
Processing by HackgameController#CheckPassword as HTML
  Parameters: {"level"=>"0", "pwd"=>"hahahahahaha"}
Redirected to javascript:alert("Incorrect")
Completed 302 Found in 1ms (ActiveRecord: 0.0ms)


Started GET "/ChkPassword/?level=0&pwd=hahahahahaha" for 127.0.0.1 at 2015-10-11 17:27:01 +0000
Processing by HackgameController#CheckPassword as HTML
  Parameters: {"level"=>"0", "pwd"=>"hahahahahaha"}
Redirected to javascript:alert("Incorrect")
Completed 302 Found in 1ms (ActiveRecord: 0.0ms)


Started GET "/ChkPassword/?level=0&pwd=hahahahahaha" for 127.0.0.1 at 2015-10-11 17:28:01 +0000
Processing by HackgameController#CheckPassword as HTML
  Parameters: {"level"=>"0", "pwd"=>"hahahahahaha"}
Redirected to javascript:alert("Incorrect")
Completed 302 Found in 1ms (ActiveRecord: 0.0ms)


Started GET "/ChkPassword/?level=0&pwd=hahahahahaha" for 127.0.0.1 at 2015-10-11 17:29:20 +0000
Processing by HackgameController#CheckPassword as HTML
  Parameters: {"level"=>"0", "pwd"=>"hahahahahaha"}
Redirected to javascript:alert("Incorrect")
Completed 302 Found in 1ms (ActiveRecord: 0.0ms)


Started GET "/ChkPassword/?level=0&pwd=hahahahahaha" for 127.0.0.1 at 2015-10-11 17:29:20 +0000
Processing by HackgameController#CheckPassword as HTML
  Parameters: {"level"=>"0", "pwd"=>"hahahahahaha"}
Redirected to javascript:alert("Incorrect")
Completed 302 Found in 1ms (ActiveRecord: 0.0ms)


Started GET "/ChkPassword/?level=0&pwd=hahahahahaha" for 127.0.0.1 at 2015-10-11 17:30:12 +0000
Processing by HackgameController#CheckPassword as HTML
  Parameters: {"level"=>"0", "pwd"=>"hahahahahaha"}
Redirected to http://hackgame.cnbirdlink.com/hackgame/1.html
Completed 302 Found in 0ms (ActiveRecord: 0.0ms)


Started GET "/ChkPassword/?level=1&pwd=dfasd" for 127.0.0.1 at 2015-10-11 17:32:52 +0000
Processing by HackgameController#CheckPassword as HTML
  Parameters: {"level"=>"1", "pwd"=>"dfasd"}
Redirected to 
Completed 500 Internal Server Error in 1ms (ActiveRecord: 0.0ms)

ActionController::ActionControllerError (Cannot redirect to nil!):
  app/controllers/hackgame_controller.rb:20:in `CheckPassword'


  Rendered /usr/local/lib/ruby/gems/2.2.0/gems/actionpack-4.2.1/lib/action_dispatch/middleware/templates/rescues/_source.erb (5.2ms)
  Rendered /usr/local/lib/ruby/gems/2.2.0/gems/actionpack-4.2.1/lib/action_dispatch/middleware/templates/rescues/_trace.html.erb (2.2ms)
  Rendered /usr/local/lib/ruby/gems/2.2.0/gems/actionpack-4.2.1/lib/action_dispatch/middleware/templates/rescues/_request_and_response.html.erb (0.7ms)
  Rendered /usr/local/lib/ruby/gems/2.2.0/gems/actionpack-4.2.1/lib/action_dispatch/middleware/templates/rescues/diagnostics.html.erb within rescues/layout (18.5ms)
  Rendered /usr/local/lib/ruby/gems/2.2.0/gems/web-console-2.2.1/lib/web_console/templates/_markup.html.erb (0.3ms)
  Rendered /usr/local/lib/ruby/gems/2.2.0/gems/web-console-2.2.1/lib/web_console/templates/_inner_console_markup.html.erb within layouts/inlined_string (0.3ms)
  Rendered /usr/local/lib/ruby/gems/2.2.0/gems/web-console-2.2.1/lib/web_console/templates/_prompt_box_markup.html.erb within layouts/inlined_string (0.2ms)
  Rendered /usr/local/lib/ruby/gems/2.2.0/gems/web-console-2.2.1/lib/web_console/templates/style.css.erb within layouts/inlined_string (0.3ms)
  Rendered /usr/local/lib/ruby/gems/2.2.0/gems/web-console-2.2.1/lib/web_console/templates/console.js.erb within layouts/javascript (11.9ms)
  Rendered /usr/local/lib/ruby/gems/2.2.0/gems/web-console-2.2.1/lib/web_console/templates/main.js.erb within layouts/javascript (0.2ms)
  Rendered /usr/local/lib/ruby/gems/2.2.0/gems/web-console-2.2.1/lib/web_console/templates/error_page.js.erb within layouts/javascript (0.2ms)
  Rendered /usr/local/lib/ruby/gems/2.2.0/gems/web-console-2.2.1/lib/web_console/templates/index.html.erb (23.3ms)


Started GET "/ChkPassword/?level=1&pwd=dfasd" for 127.0.0.1 at 2015-10-11 17:33:01 +0000
Processing by HackgameController#CheckPassword as HTML
  Parameters: {"level"=>"1", "pwd"=>"dfasd"}
Redirected to 
Completed 500 Internal Server Error in 1ms (ActiveRecord: 0.0ms)

ActionController::ActionControllerError (Cannot redirect to nil!):
  app/controllers/hackgame_controller.rb:20:in `CheckPassword'


  Rendered /usr/local/lib/ruby/gems/2.2.0/gems/actionpack-4.2.1/lib/action_dispatch/middleware/templates/rescues/_source.erb (4.3ms)
  Rendered /usr/local/lib/ruby/gems/2.2.0/gems/actionpack-4.2.1/lib/action_dispatch/middleware/templates/rescues/_trace.html.erb (1.8ms)
  Rendered /usr/local/lib/ruby/gems/2.2.0/gems/actionpack-4.2.1/lib/action_dispatch/middleware/templates/rescues/_request_and_response.html.erb (0.7ms)
  Rendered /usr/local/lib/ruby/gems/2.2.0/gems/actionpack-4.2.1/lib/action_dispatch/middleware/templates/rescues/diagnostics.html.erb within rescues/layout (16.5ms)
  Rendered /usr/local/lib/ruby/gems/2.2.0/gems/web-console-2.2.1/lib/web_console/templates/_markup.html.erb (0.3ms)
  Rendered /usr/local/lib/ruby/gems/2.2.0/gems/web-console-2.2.1/lib/web_console/templates/_inner_console_markup.html.erb within layouts/inlined_string (0.3ms)
  Rendered /usr/local/lib/ruby/gems/2.2.0/gems/web-console-2.2.1/lib/web_console/templates/_prompt_box_markup.html.erb within layouts/inlined_string (0.2ms)
  Rendered /usr/local/lib/ruby/gems/2.2.0/gems/web-console-2.2.1/lib/web_console/templates/style.css.erb within layouts/inlined_string (0.2ms)
  Rendered /usr/local/lib/ruby/gems/2.2.0/gems/web-console-2.2.1/lib/web_console/templates/console.js.erb within layouts/javascript (11.7ms)
  Rendered /usr/local/lib/ruby/gems/2.2.0/gems/web-console-2.2.1/lib/web_console/templates/main.js.erb within layouts/javascript (0.2ms)
  Rendered /usr/local/lib/ruby/gems/2.2.0/gems/web-console-2.2.1/lib/web_console/templates/error_page.js.erb within layouts/javascript (0.2ms)
  Rendered /usr/local/lib/ruby/gems/2.2.0/gems/web-console-2.2.1/lib/web_console/templates/index.html.erb (23.0ms)


Started GET "/public/" for 127.0.0.1 at 2015-10-11 17:34:11 +0000

ActionController::RoutingError (No route matches [GET] "/public"):
  actionpack (4.2.1) lib/action_dispatch/middleware/debug_exceptions.rb:21:in `call'
  web-console (2.2.1) lib/web_console/middleware.rb:39:in `call'
  actionpack (4.2.1) lib/action_dispatch/middleware/show_exceptions.rb:30:in `call'
  railties (4.2.1) lib/rails/rack/logger.rb:38:in `call_app'
  railties (4.2.1) lib/rails/rack/logger.rb:20:in `block in call'
  activesupport (4.2.1) lib/active_support/tagged_logging.rb:68:in `block in tagged'
  activesupport (4.2.1) lib/active_support/tagged_logging.rb:26:in `tagged'
  activesupport (4.2.1) lib/active_support/tagged_logging.rb:68:in `tagged'
  railties (4.2.1) lib/rails/rack/logger.rb:20:in `call'
  actionpack (4.2.1) lib/action_dispatch/middleware/request_id.rb:21:in `call'
  rack (1.6.4) lib/rack/methodoverride.rb:22:in `call'
  rack (1.6.4) lib/rack/runtime.rb:18:in `call'
  activesupport (4.2.1) lib/active_support/cache/strategy/local_cache_middleware.rb:28:in `call'
  rack (1.6.4) lib/rack/lock.rb:17:in `call'
  actionpack (4.2.1) lib/action_dispatch/middleware/static.rb:113:in `call'
  rack (1.6.4) lib/rack/sendfile.rb:113:in `call'
  railties (4.2.1) lib/rails/engine.rb:518:in `call'
  railties (4.2.1) lib/rails/application.rb:164:in `call'
  rack (1.6.4) lib/rack/lock.rb:17:in `call'
  rack (1.6.4) lib/rack/content_length.rb:15:in `call'
  rack (1.6.4) lib/rack/handler/webrick.rb:88:in `service'
  /usr/local/lib/ruby/2.2.0/webrick/httpserver.rb:138:in `service'
  /usr/local/lib/ruby/2.2.0/webrick/httpserver.rb:94:in `run'
  /usr/local/lib/ruby/2.2.0/webrick/server.rb:294:in `block in start_thread'


  Rendered /usr/local/lib/ruby/gems/2.2.0/gems/actionpack-4.2.1/lib/action_dispatch/middleware/templates/rescues/_trace.html.erb (1.3ms)
  Rendered /usr/local/lib/ruby/gems/2.2.0/gems/actionpack-4.2.1/lib/action_dispatch/middleware/templates/routes/_route.html.erb (0.5ms)
  Rendered /usr/local/lib/ruby/gems/2.2.0/gems/actionpack-4.2.1/lib/action_dispatch/middleware/templates/routes/_table.html.erb (1.1ms)
  Rendered /usr/local/lib/ruby/gems/2.2.0/gems/actionpack-4.2.1/lib/action_dispatch/middleware/templates/rescues/_request_and_response.html.erb (1.2ms)
  Rendered /usr/local/lib/ruby/gems/2.2.0/gems/actionpack-4.2.1/lib/action_dispatch/middleware/templates/rescues/routing_error.html.erb within rescues/layout (16.9ms)
  Rendered /usr/local/lib/ruby/gems/2.2.0/gems/web-console-2.2.1/lib/web_console/templates/_markup.html.erb (0.3ms)
  Rendered /usr/local/lib/ruby/gems/2.2.0/gems/web-console-2.2.1/lib/web_console/templates/_inner_console_markup.html.erb within layouts/inlined_string (0.2ms)
  Rendered /usr/local/lib/ruby/gems/2.2.0/gems/web-console-2.2.1/lib/web_console/templates/_prompt_box_markup.html.erb within layouts/inlined_string (0.2ms)
  Rendered /usr/local/lib/ruby/gems/2.2.0/gems/web-console-2.2.1/lib/web_console/templates/style.css.erb within layouts/inlined_string (0.3ms)
  Rendered /usr/local/lib/ruby/gems/2.2.0/gems/web-console-2.2.1/lib/web_console/templates/console.js.erb within layouts/javascript (12.0ms)
  Rendered /usr/local/lib/ruby/gems/2.2.0/gems/web-console-2.2.1/lib/web_console/templates/main.js.erb within layouts/javascript (0.2ms)
  Rendered /usr/local/lib/ruby/gems/2.2.0/gems/web-console-2.2.1/lib/web_console/templates/error_page.js.erb within layouts/javascript (0.2ms)
  Rendered /usr/local/lib/ruby/gems/2.2.0/gems/web-console-2.2.1/lib/web_console/templates/index.html.erb (23.7ms)


Started GET "/p" for 127.0.0.1 at 2015-10-11 17:34:14 +0000

ActionController::RoutingError (No route matches [GET] "/p"):
  actionpack (4.2.1) lib/action_dispatch/middleware/debug_exceptions.rb:21:in `call'
  web-console (2.2.1) lib/web_console/middleware.rb:39:in `call'
  actionpack (4.2.1) lib/action_dispatch/middleware/show_exceptions.rb:30:in `call'
  railties (4.2.1) lib/rails/rack/logger.rb:38:in `call_app'
  railties (4.2.1) lib/rails/rack/logger.rb:20:in `block in call'
  activesupport (4.2.1) lib/active_support/tagged_logging.rb:68:in `block in tagged'
  activesupport (4.2.1) lib/active_support/tagged_logging.rb:26:in `tagged'
  activesupport (4.2.1) lib/active_support/tagged_logging.rb:68:in `tagged'
  railties (4.2.1) lib/rails/rack/logger.rb:20:in `call'
  actionpack (4.2.1) lib/action_dispatch/middleware/request_id.rb:21:in `call'
  rack (1.6.4) lib/rack/methodoverride.rb:22:in `call'
  rack (1.6.4) lib/rack/runtime.rb:18:in `call'
  activesupport (4.2.1) lib/active_support/cache/strategy/local_cache_middleware.rb:28:in `call'
  rack (1.6.4) lib/rack/lock.rb:17:in `call'
  actionpack (4.2.1) lib/action_dispatch/middleware/static.rb:113:in `call'
  rack (1.6.4) lib/rack/sendfile.rb:113:in `call'
  railties (4.2.1) lib/rails/engine.rb:518:in `call'
  railties (4.2.1) lib/rails/application.rb:164:in `call'
  rack (1.6.4) lib/rack/lock.rb:17:in `call'
  rack (1.6.4) lib/rack/content_length.rb:15:in `call'
  rack (1.6.4) lib/rack/handler/webrick.rb:88:in `service'
  /usr/local/lib/ruby/2.2.0/webrick/httpserver.rb:138:in `service'
  /usr/local/lib/ruby/2.2.0/webrick/httpserver.rb:94:in `run'
  /usr/local/lib/ruby/2.2.0/webrick/server.rb:294:in `block in start_thread'


  Rendered /usr/local/lib/ruby/gems/2.2.0/gems/actionpack-4.2.1/lib/action_dispatch/middleware/templates/rescues/_trace.html.erb (1.1ms)
  Rendered /usr/local/lib/ruby/gems/2.2.0/gems/actionpack-4.2.1/lib/action_dispatch/middleware/templates/routes/_route.html.erb (0.6ms)
  Rendered /usr/local/lib/ruby/gems/2.2.0/gems/actionpack-4.2.1/lib/action_dispatch/middleware/templates/routes/_table.html.erb (1.1ms)
  Rendered /usr/local/lib/ruby/gems/2.2.0/gems/actionpack-4.2.1/lib/action_dispatch/middleware/templates/rescues/_request_and_response.html.erb (0.9ms)
  Rendered /usr/local/lib/ruby/gems/2.2.0/gems/actionpack-4.2.1/lib/action_dispatch/middleware/templates/rescues/routing_error.html.erb within rescues/layout (16.3ms)
  Rendered /usr/local/lib/ruby/gems/2.2.0/gems/web-console-2.2.1/lib/web_console/templates/_markup.html.erb (0.2ms)
  Rendered /usr/local/lib/ruby/gems/2.2.0/gems/web-console-2.2.1/lib/web_console/templates/_inner_console_markup.html.erb within layouts/inlined_string (0.2ms)
  Rendered /usr/local/lib/ruby/gems/2.2.0/gems/web-console-2.2.1/lib/web_console/templates/_prompt_box_markup.html.erb within layouts/inlined_string (0.2ms)
  Rendered /usr/local/lib/ruby/gems/2.2.0/gems/web-console-2.2.1/lib/web_console/templates/style.css.erb within layouts/inlined_string (0.2ms)
  Rendered /usr/local/lib/ruby/gems/2.2.0/gems/web-console-2.2.1/lib/web_console/templates/console.js.erb within layouts/javascript (11.4ms)
  Rendered /usr/local/lib/ruby/gems/2.2.0/gems/web-console-2.2.1/lib/web_console/templates/main.js.erb within layouts/javascript (0.2ms)
  Rendered /usr/local/lib/ruby/gems/2.2.0/gems/web-console-2.2.1/lib/web_console/templates/error_page.js.erb within layouts/javascript (0.3ms)
  Rendered /usr/local/lib/ruby/gems/2.2.0/gems/web-console-2.2.1/lib/web_console/templates/index.html.erb (22.8ms)


Started GET "/ChkPassword/?pwd=hgd&level=0" for 127.0.0.1 at 2015-10-11 17:35:41 +0000
Processing by HackgameController#CheckPassword as HTML
  Parameters: {"pwd"=>"hgd", "level"=>"0"}
Redirected to http://localhost:3000/hackgame/index.html
Completed 302 Found in 1ms (ActiveRecord: 0.0ms)


Started GET "/ChkPassword/?pwd=kjfhjhfg&level=0" for 127.0.0.1 at 2015-10-11 17:35:43 +0000
Processing by HackgameController#CheckPassword as HTML
  Parameters: {"pwd"=>"kjfhjhfg", "level"=>"0"}
Redirected to http://localhost:3000/hackgame/index.html
Completed 302 Found in 1ms (ActiveRecord: 0.0ms)


Started GET "/ChkPassword/?pwd=hahahahahaha&level=0" for 127.0.0.1 at 2015-10-11 17:35:49 +0000
Processing by HackgameController#CheckPassword as HTML
  Parameters: {"pwd"=>"hahahahahaha", "level"=>"0"}
Redirected to http://hackgame.cnbirdlink.com/hackgame/1.html
Completed 302 Found in 1ms (ActiveRecord: 0.0ms)


Started GET "/ChkPassword/?pwd=hahahahahah&level=0" for 127.0.0.1 at 2015-10-11 17:36:35 +0000
Processing by HackgameController#CheckPassword as HTML
  Parameters: {"pwd"=>"hahahahahah", "level"=>"0"}
Redirected to http://localhost:3000/hackgame/index.html
Completed 302 Found in 1ms (ActiveRecord: 0.0ms)


Started GET "/ChkPassword/?pwd=&level=0" for 127.0.0.1 at 2015-10-11 17:36:36 +0000
Processing by HackgameController#CheckPassword as HTML
  Parameters: {"pwd"=>"", "level"=>"0"}
Redirected to http://localhost:3000/hackgame/index.html
Completed 302 Found in 1ms (ActiveRecord: 0.0ms)


Started GET "/hackgame/4..html" for 127.0.0.1 at 2015-10-11 17:38:58 +0000

ActionController::RoutingError (No route matches [GET] "/hackgame/4..html"):
  actionpack (4.2.1) lib/action_dispatch/middleware/debug_exceptions.rb:21:in `call'
  web-console (2.2.1) lib/web_console/middleware.rb:39:in `call'
  actionpack (4.2.1) lib/action_dispatch/middleware/show_exceptions.rb:30:in `call'
  railties (4.2.1) lib/rails/rack/logger.rb:38:in `call_app'
  railties (4.2.1) lib/rails/rack/logger.rb:20:in `block in call'
  activesupport (4.2.1) lib/active_support/tagged_logging.rb:68:in `block in tagged'
  activesupport (4.2.1) lib/active_support/tagged_logging.rb:26:in `tagged'
  activesupport (4.2.1) lib/active_support/tagged_logging.rb:68:in `tagged'
  railties (4.2.1) lib/rails/rack/logger.rb:20:in `call'
  actionpack (4.2.1) lib/action_dispatch/middleware/request_id.rb:21:in `call'
  rack (1.6.4) lib/rack/methodoverride.rb:22:in `call'
  rack (1.6.4) lib/rack/runtime.rb:18:in `call'
  activesupport (4.2.1) lib/active_support/cache/strategy/local_cache_middleware.rb:28:in `call'
  rack (1.6.4) lib/rack/lock.rb:17:in `call'
  actionpack (4.2.1) lib/action_dispatch/middleware/static.rb:113:in `call'
  rack (1.6.4) lib/rack/sendfile.rb:113:in `call'
  railties (4.2.1) lib/rails/engine.rb:518:in `call'
  railties (4.2.1) lib/rails/application.rb:164:in `call'
  rack (1.6.4) lib/rack/lock.rb:17:in `call'
  rack (1.6.4) lib/rack/content_length.rb:15:in `call'
  rack (1.6.4) lib/rack/handler/webrick.rb:88:in `service'
  /usr/local/lib/ruby/2.2.0/webrick/httpserver.rb:138:in `service'
  /usr/local/lib/ruby/2.2.0/webrick/httpserver.rb:94:in `run'
  /usr/local/lib/ruby/2.2.0/webrick/server.rb:294:in `block in start_thread'


  Rendered /usr/local/lib/ruby/gems/2.2.0/gems/actionpack-4.2.1/lib/action_dispatch/middleware/templates/rescues/_trace.html.erb (1.3ms)
  Rendered /usr/local/lib/ruby/gems/2.2.0/gems/actionpack-4.2.1/lib/action_dispatch/middleware/templates/routes/_route.html.erb (0.5ms)
  Rendered /usr/local/lib/ruby/gems/2.2.0/gems/actionpack-4.2.1/lib/action_dispatch/middleware/templates/routes/_table.html.erb (1.0ms)
  Rendered /usr/local/lib/ruby/gems/2.2.0/gems/actionpack-4.2.1/lib/action_dispatch/middleware/templates/rescues/_request_and_response.html.erb (0.9ms)
  Rendered /usr/local/lib/ruby/gems/2.2.0/gems/actionpack-4.2.1/lib/action_dispatch/middleware/templates/rescues/routing_error.html.erb within rescues/layout (16.1ms)
  Rendered /usr/local/lib/ruby/gems/2.2.0/gems/web-console-2.2.1/lib/web_console/templates/_markup.html.erb (0.3ms)
  Rendered /usr/local/lib/ruby/gems/2.2.0/gems/web-console-2.2.1/lib/web_console/templates/_inner_console_markup.html.erb within layouts/inlined_string (0.3ms)
  Rendered /usr/local/lib/ruby/gems/2.2.0/gems/web-console-2.2.1/lib/web_console/templates/_prompt_box_markup.html.erb within layouts/inlined_string (0.4ms)
  Rendered /usr/local/lib/ruby/gems/2.2.0/gems/web-console-2.2.1/lib/web_console/templates/style.css.erb within layouts/inlined_string (0.2ms)
  Rendered /usr/local/lib/ruby/gems/2.2.0/gems/web-console-2.2.1/lib/web_console/templates/console.js.erb within layouts/javascript (12.5ms)
  Rendered /usr/local/lib/ruby/gems/2.2.0/gems/web-console-2.2.1/lib/web_console/templates/main.js.erb within layouts/javascript (0.2ms)
  Rendered /usr/local/lib/ruby/gems/2.2.0/gems/web-console-2.2.1/lib/web_console/templates/error_page.js.erb within layouts/javascript (0.3ms)
  Rendered /usr/local/lib/ruby/gems/2.2.0/gems/web-console-2.2.1/lib/web_console/templates/index.html.erb (24.3ms)


Started GET "/hackgame/api.php?pwd=lalalalalala&level=3" for 127.0.0.1 at 2015-10-11 17:43:02 +0000

ActionController::RoutingError (No route matches [GET] "/hackgame/api.php"):
  actionpack (4.2.1) lib/action_dispatch/middleware/debug_exceptions.rb:21:in `call'
  web-console (2.2.1) lib/web_console/middleware.rb:39:in `call'
  actionpack (4.2.1) lib/action_dispatch/middleware/show_exceptions.rb:30:in `call'
  railties (4.2.1) lib/rails/rack/logger.rb:38:in `call_app'
  railties (4.2.1) lib/rails/rack/logger.rb:20:in `block in call'
  activesupport (4.2.1) lib/active_support/tagged_logging.rb:68:in `block in tagged'
  activesupport (4.2.1) lib/active_support/tagged_logging.rb:26:in `tagged'
  activesupport (4.2.1) lib/active_support/tagged_logging.rb:68:in `tagged'
  railties (4.2.1) lib/rails/rack/logger.rb:20:in `call'
  actionpack (4.2.1) lib/action_dispatch/middleware/request_id.rb:21:in `call'
  rack (1.6.4) lib/rack/methodoverride.rb:22:in `call'
  rack (1.6.4) lib/rack/runtime.rb:18:in `call'
  activesupport (4.2.1) lib/active_support/cache/strategy/local_cache_middleware.rb:28:in `call'
  rack (1.6.4) lib/rack/lock.rb:17:in `call'
  actionpack (4.2.1) lib/action_dispatch/middleware/static.rb:113:in `call'
  rack (1.6.4) lib/rack/sendfile.rb:113:in `call'
  railties (4.2.1) lib/rails/engine.rb:518:in `call'
  railties (4.2.1) lib/rails/application.rb:164:in `call'
  rack (1.6.4) lib/rack/lock.rb:17:in `call'
  rack (1.6.4) lib/rack/content_length.rb:15:in `call'
  rack (1.6.4) lib/rack/handler/webrick.rb:88:in `service'
  /usr/local/lib/ruby/2.2.0/webrick/httpserver.rb:138:in `service'
  /usr/local/lib/ruby/2.2.0/webrick/httpserver.rb:94:in `run'
  /usr/local/lib/ruby/2.2.0/webrick/server.rb:294:in `block in start_thread'


  Rendered /usr/local/lib/ruby/gems/2.2.0/gems/actionpack-4.2.1/lib/action_dispatch/middleware/templates/rescues/_trace.html.erb (1.4ms)
  Rendered /usr/local/lib/ruby/gems/2.2.0/gems/actionpack-4.2.1/lib/action_dispatch/middleware/templates/routes/_route.html.erb (0.6ms)
  Rendered /usr/local/lib/ruby/gems/2.2.0/gems/actionpack-4.2.1/lib/action_dispatch/middleware/templates/routes/_table.html.erb (1.1ms)
  Rendered /usr/local/lib/ruby/gems/2.2.0/gems/actionpack-4.2.1/lib/action_dispatch/middleware/templates/rescues/_request_and_response.html.erb (1.0ms)
  Rendered /usr/local/lib/ruby/gems/2.2.0/gems/actionpack-4.2.1/lib/action_dispatch/middleware/templates/rescues/routing_error.html.erb within rescues/layout (17.1ms)
  Rendered /usr/local/lib/ruby/gems/2.2.0/gems/web-console-2.2.1/lib/web_console/templates/_markup.html.erb (0.4ms)
  Rendered /usr/local/lib/ruby/gems/2.2.0/gems/web-console-2.2.1/lib/web_console/templates/_inner_console_markup.html.erb within layouts/inlined_string (0.2ms)
  Rendered /usr/local/lib/ruby/gems/2.2.0/gems/web-console-2.2.1/lib/web_console/templates/_prompt_box_markup.html.erb within layouts/inlined_string (0.2ms)
  Rendered /usr/local/lib/ruby/gems/2.2.0/gems/web-console-2.2.1/lib/web_console/templates/style.css.erb within layouts/inlined_string (0.2ms)
  Rendered /usr/local/lib/ruby/gems/2.2.0/gems/web-console-2.2.1/lib/web_console/templates/console.js.erb within layouts/javascript (11.2ms)
  Rendered /usr/local/lib/ruby/gems/2.2.0/gems/web-console-2.2.1/lib/web_console/templates/main.js.erb within layouts/javascript (0.2ms)
  Rendered /usr/local/lib/ruby/gems/2.2.0/gems/web-console-2.2.1/lib/web_console/templates/error_page.js.erb within layouts/javascript (0.3ms)
  Rendered /usr/local/lib/ruby/gems/2.2.0/gems/web-console-2.2.1/lib/web_console/templates/index.html.erb (23.0ms)


Started GET "/hackgame/api.php?pwd=lalalalalala&level=3" for 127.0.0.1 at 2015-10-11 17:43:53 +0000

ActionController::RoutingError (No route matches [GET] "/hackgame/api.php"):
  actionpack (4.2.1) lib/action_dispatch/middleware/debug_exceptions.rb:21:in `call'
  web-console (2.2.1) lib/web_console/middleware.rb:39:in `call'
  actionpack (4.2.1) lib/action_dispatch/middleware/show_exceptions.rb:30:in `call'
  railties (4.2.1) lib/rails/rack/logger.rb:38:in `call_app'
  railties (4.2.1) lib/rails/rack/logger.rb:20:in `block in call'
  activesupport (4.2.1) lib/active_support/tagged_logging.rb:68:in `block in tagged'
  activesupport (4.2.1) lib/active_support/tagged_logging.rb:26:in `tagged'
  activesupport (4.2.1) lib/active_support/tagged_logging.rb:68:in `tagged'
  railties (4.2.1) lib/rails/rack/logger.rb:20:in `call'
  actionpack (4.2.1) lib/action_dispatch/middleware/request_id.rb:21:in `call'
  rack (1.6.4) lib/rack/methodoverride.rb:22:in `call'
  rack (1.6.4) lib/rack/runtime.rb:18:in `call'
  activesupport (4.2.1) lib/active_support/cache/strategy/local_cache_middleware.rb:28:in `call'
  rack (1.6.4) lib/rack/lock.rb:17:in `call'
  actionpack (4.2.1) lib/action_dispatch/middleware/static.rb:113:in `call'
  rack (1.6.4) lib/rack/sendfile.rb:113:in `call'
  railties (4.2.1) lib/rails/engine.rb:518:in `call'
  railties (4.2.1) lib/rails/application.rb:164:in `call'
  rack (1.6.4) lib/rack/lock.rb:17:in `call'
  rack (1.6.4) lib/rack/content_length.rb:15:in `call'
  rack (1.6.4) lib/rack/handler/webrick.rb:88:in `service'
  /usr/local/lib/ruby/2.2.0/webrick/httpserver.rb:138:in `service'
  /usr/local/lib/ruby/2.2.0/webrick/httpserver.rb:94:in `run'
  /usr/local/lib/ruby/2.2.0/webrick/server.rb:294:in `block in start_thread'


  Rendered /usr/local/lib/ruby/gems/2.2.0/gems/actionpack-4.2.1/lib/action_dispatch/middleware/templates/rescues/_trace.html.erb (1.5ms)
  Rendered /usr/local/lib/ruby/gems/2.2.0/gems/actionpack-4.2.1/lib/action_dispatch/middleware/templates/routes/_route.html.erb (0.7ms)
  Rendered /usr/local/lib/ruby/gems/2.2.0/gems/actionpack-4.2.1/lib/action_dispatch/middleware/templates/routes/_table.html.erb (1.0ms)
  Rendered /usr/local/lib/ruby/gems/2.2.0/gems/actionpack-4.2.1/lib/action_dispatch/middleware/templates/rescues/_request_and_response.html.erb (1.0ms)
  Rendered /usr/local/lib/ruby/gems/2.2.0/gems/actionpack-4.2.1/lib/action_dispatch/middleware/templates/rescues/routing_error.html.erb within rescues/layout (16.8ms)
  Rendered /usr/local/lib/ruby/gems/2.2.0/gems/web-console-2.2.1/lib/web_console/templates/_markup.html.erb (0.3ms)
  Rendered /usr/local/lib/ruby/gems/2.2.0/gems/web-console-2.2.1/lib/web_console/templates/_inner_console_markup.html.erb within layouts/inlined_string (0.2ms)
  Rendered /usr/local/lib/ruby/gems/2.2.0/gems/web-console-2.2.1/lib/web_console/templates/_prompt_box_markup.html.erb within layouts/inlined_string (0.2ms)
  Rendered /usr/local/lib/ruby/gems/2.2.0/gems/web-console-2.2.1/lib/web_console/templates/style.css.erb within layouts/inlined_string (0.2ms)
  Rendered /usr/local/lib/ruby/gems/2.2.0/gems/web-console-2.2.1/lib/web_console/templates/console.js.erb within layouts/javascript (11.8ms)
  Rendered /usr/local/lib/ruby/gems/2.2.0/gems/web-console-2.2.1/lib/web_console/templates/main.js.erb within layouts/javascript (0.2ms)
  Rendered /usr/local/lib/ruby/gems/2.2.0/gems/web-console-2.2.1/lib/web_console/templates/error_page.js.erb within layouts/javascript (0.3ms)
  Rendered /usr/local/lib/ruby/gems/2.2.0/gems/web-console-2.2.1/lib/web_console/templates/index.html.erb (23.1ms)


Started GET "/hackgame/api.php?pwd=lalalalalala&level=3" for 127.0.0.1 at 2015-10-11 17:43:55 +0000

ActionController::RoutingError (No route matches [GET] "/hackgame/api.php"):
  actionpack (4.2.1) lib/action_dispatch/middleware/debug_exceptions.rb:21:in `call'
  web-console (2.2.1) lib/web_console/middleware.rb:39:in `call'
  actionpack (4.2.1) lib/action_dispatch/middleware/show_exceptions.rb:30:in `call'
  railties (4.2.1) lib/rails/rack/logger.rb:38:in `call_app'
  railties (4.2.1) lib/rails/rack/logger.rb:20:in `block in call'
  activesupport (4.2.1) lib/active_support/tagged_logging.rb:68:in `block in tagged'
  activesupport (4.2.1) lib/active_support/tagged_logging.rb:26:in `tagged'
  activesupport (4.2.1) lib/active_support/tagged_logging.rb:68:in `tagged'
  railties (4.2.1) lib/rails/rack/logger.rb:20:in `call'
  actionpack (4.2.1) lib/action_dispatch/middleware/request_id.rb:21:in `call'
  rack (1.6.4) lib/rack/methodoverride.rb:22:in `call'
  rack (1.6.4) lib/rack/runtime.rb:18:in `call'
  activesupport (4.2.1) lib/active_support/cache/strategy/local_cache_middleware.rb:28:in `call'
  rack (1.6.4) lib/rack/lock.rb:17:in `call'
  actionpack (4.2.1) lib/action_dispatch/middleware/static.rb:113:in `call'
  rack (1.6.4) lib/rack/sendfile.rb:113:in `call'
  railties (4.2.1) lib/rails/engine.rb:518:in `call'
  railties (4.2.1) lib/rails/application.rb:164:in `call'
  rack (1.6.4) lib/rack/lock.rb:17:in `call'
  rack (1.6.4) lib/rack/content_length.rb:15:in `call'
  rack (1.6.4) lib/rack/handler/webrick.rb:88:in `service'
  /usr/local/lib/ruby/2.2.0/webrick/httpserver.rb:138:in `service'
  /usr/local/lib/ruby/2.2.0/webrick/httpserver.rb:94:in `run'
  /usr/local/lib/ruby/2.2.0/webrick/server.rb:294:in `block in start_thread'


  Rendered /usr/local/lib/ruby/gems/2.2.0/gems/actionpack-4.2.1/lib/action_dispatch/middleware/templates/rescues/_trace.html.erb (1.2ms)
  Rendered /usr/local/lib/ruby/gems/2.2.0/gems/actionpack-4.2.1/lib/action_dispatch/middleware/templates/routes/_route.html.erb (0.6ms)
  Rendered /usr/local/lib/ruby/gems/2.2.0/gems/actionpack-4.2.1/lib/action_dispatch/middleware/templates/routes/_table.html.erb (1.0ms)
  Rendered /usr/local/lib/ruby/gems/2.2.0/gems/actionpack-4.2.1/lib/action_dispatch/middleware/templates/rescues/_request_and_response.html.erb (1.0ms)
  Rendered /usr/local/lib/ruby/gems/2.2.0/gems/actionpack-4.2.1/lib/action_dispatch/middleware/templates/rescues/routing_error.html.erb within rescues/layout (16.8ms)
  Rendered /usr/local/lib/ruby/gems/2.2.0/gems/web-console-2.2.1/lib/web_console/templates/_markup.html.erb (0.3ms)
  Rendered /usr/local/lib/ruby/gems/2.2.0/gems/web-console-2.2.1/lib/web_console/templates/_inner_console_markup.html.erb within layouts/inlined_string (0.2ms)
  Rendered /usr/local/lib/ruby/gems/2.2.0/gems/web-console-2.2.1/lib/web_console/templates/_prompt_box_markup.html.erb within layouts/inlined_string (0.2ms)
  Rendered /usr/local/lib/ruby/gems/2.2.0/gems/web-console-2.2.1/lib/web_console/templates/style.css.erb within layouts/inlined_string (0.2ms)
  Rendered /usr/local/lib/ruby/gems/2.2.0/gems/web-console-2.2.1/lib/web_console/templates/console.js.erb within layouts/javascript (11.1ms)
  Rendered /usr/local/lib/ruby/gems/2.2.0/gems/web-console-2.2.1/lib/web_console/templates/main.js.erb within layouts/javascript (0.3ms)
  Rendered /usr/local/lib/ruby/gems/2.2.0/gems/web-console-2.2.1/lib/web_console/templates/error_page.js.erb within layouts/javascript (0.3ms)
  Rendered /usr/local/lib/ruby/gems/2.2.0/gems/web-console-2.2.1/lib/web_console/templates/index.html.erb (23.6ms)


Started GET "/hackgame/api.php?pwd=lalalalalala&level=3" for 127.0.0.1 at 2015-10-11 17:43:56 +0000

ActionController::RoutingError (No route matches [GET] "/hackgame/api.php"):
  actionpack (4.2.1) lib/action_dispatch/middleware/debug_exceptions.rb:21:in `call'
  web-console (2.2.1) lib/web_console/middleware.rb:39:in `call'
  actionpack (4.2.1) lib/action_dispatch/middleware/show_exceptions.rb:30:in `call'
  railties (4.2.1) lib/rails/rack/logger.rb:38:in `call_app'
  railties (4.2.1) lib/rails/rack/logger.rb:20:in `block in call'
  activesupport (4.2.1) lib/active_support/tagged_logging.rb:68:in `block in tagged'
  activesupport (4.2.1) lib/active_support/tagged_logging.rb:26:in `tagged'
  activesupport (4.2.1) lib/active_support/tagged_logging.rb:68:in `tagged'
  railties (4.2.1) lib/rails/rack/logger.rb:20:in `call'
  actionpack (4.2.1) lib/action_dispatch/middleware/request_id.rb:21:in `call'
  rack (1.6.4) lib/rack/methodoverride.rb:22:in `call'
  rack (1.6.4) lib/rack/runtime.rb:18:in `call'
  activesupport (4.2.1) lib/active_support/cache/strategy/local_cache_middleware.rb:28:in `call'
  rack (1.6.4) lib/rack/lock.rb:17:in `call'
  actionpack (4.2.1) lib/action_dispatch/middleware/static.rb:113:in `call'
  rack (1.6.4) lib/rack/sendfile.rb:113:in `call'
  railties (4.2.1) lib/rails/engine.rb:518:in `call'
  railties (4.2.1) lib/rails/application.rb:164:in `call'
  rack (1.6.4) lib/rack/lock.rb:17:in `call'
  rack (1.6.4) lib/rack/content_length.rb:15:in `call'
  rack (1.6.4) lib/rack/handler/webrick.rb:88:in `service'
  /usr/local/lib/ruby/2.2.0/webrick/httpserver.rb:138:in `service'
  /usr/local/lib/ruby/2.2.0/webrick/httpserver.rb:94:in `run'
  /usr/local/lib/ruby/2.2.0/webrick/server.rb:294:in `block in start_thread'


  Rendered /usr/local/lib/ruby/gems/2.2.0/gems/actionpack-4.2.1/lib/action_dispatch/middleware/templates/rescues/_trace.html.erb (1.2ms)
  Rendered /usr/local/lib/ruby/gems/2.2.0/gems/actionpack-4.2.1/lib/action_dispatch/middleware/templates/routes/_route.html.erb (0.5ms)
  Rendered /usr/local/lib/ruby/gems/2.2.0/gems/actionpack-4.2.1/lib/action_dispatch/middleware/templates/routes/_table.html.erb (1.0ms)
  Rendered /usr/local/lib/ruby/gems/2.2.0/gems/actionpack-4.2.1/lib/action_dispatch/middleware/templates/rescues/_request_and_response.html.erb (1.0ms)
  Rendered /usr/local/lib/ruby/gems/2.2.0/gems/actionpack-4.2.1/lib/action_dispatch/middleware/templates/rescues/routing_error.html.erb within rescues/layout (16.1ms)
  Rendered /usr/local/lib/ruby/gems/2.2.0/gems/web-console-2.2.1/lib/web_console/templates/_markup.html.erb (0.3ms)
  Rendered /usr/local/lib/ruby/gems/2.2.0/gems/web-console-2.2.1/lib/web_console/templates/_inner_console_markup.html.erb within layouts/inlined_string (0.2ms)
  Rendered /usr/local/lib/ruby/gems/2.2.0/gems/web-console-2.2.1/lib/web_console/templates/_prompt_box_markup.html.erb within layouts/inlined_string (0.2ms)
  Rendered /usr/local/lib/ruby/gems/2.2.0/gems/web-console-2.2.1/lib/web_console/templates/style.css.erb within layouts/inlined_string (0.2ms)
  Rendered /usr/local/lib/ruby/gems/2.2.0/gems/web-console-2.2.1/lib/web_console/templates/console.js.erb within layouts/javascript (11.2ms)
  Rendered /usr/local/lib/ruby/gems/2.2.0/gems/web-console-2.2.1/lib/web_console/templates/main.js.erb within layouts/javascript (0.3ms)
  Rendered /usr/local/lib/ruby/gems/2.2.0/gems/web-console-2.2.1/lib/web_console/templates/error_page.js.erb within layouts/javascript (0.3ms)
  Rendered /usr/local/lib/ruby/gems/2.2.0/gems/web-console-2.2.1/lib/web_console/templates/index.html.erb (22.9ms)


Started GET "/hackgame/api.php?pwd=lalalalalala&level=3" for 127.0.0.1 at 2015-10-11 17:44:01 +0000

ActionController::RoutingError (No route matches [GET] "/hackgame/api.php"):
  actionpack (4.2.1) lib/action_dispatch/middleware/debug_exceptions.rb:21:in `call'
  web-console (2.2.1) lib/web_console/middleware.rb:39:in `call'
  actionpack (4.2.1) lib/action_dispatch/middleware/show_exceptions.rb:30:in `call'
  railties (4.2.1) lib/rails/rack/logger.rb:38:in `call_app'
  railties (4.2.1) lib/rails/rack/logger.rb:20:in `block in call'
  activesupport (4.2.1) lib/active_support/tagged_logging.rb:68:in `block in tagged'
  activesupport (4.2.1) lib/active_support/tagged_logging.rb:26:in `tagged'
  activesupport (4.2.1) lib/active_support/tagged_logging.rb:68:in `tagged'
  railties (4.2.1) lib/rails/rack/logger.rb:20:in `call'
  actionpack (4.2.1) lib/action_dispatch/middleware/request_id.rb:21:in `call'
  rack (1.6.4) lib/rack/methodoverride.rb:22:in `call'
  rack (1.6.4) lib/rack/runtime.rb:18:in `call'
  activesupport (4.2.1) lib/active_support/cache/strategy/local_cache_middleware.rb:28:in `call'
  rack (1.6.4) lib/rack/lock.rb:17:in `call'
  actionpack (4.2.1) lib/action_dispatch/middleware/static.rb:113:in `call'
  rack (1.6.4) lib/rack/sendfile.rb:113:in `call'
  railties (4.2.1) lib/rails/engine.rb:518:in `call'
  railties (4.2.1) lib/rails/application.rb:164:in `call'
  rack (1.6.4) lib/rack/lock.rb:17:in `call'
  rack (1.6.4) lib/rack/content_length.rb:15:in `call'
  rack (1.6.4) lib/rack/handler/webrick.rb:88:in `service'
  /usr/local/lib/ruby/2.2.0/webrick/httpserver.rb:138:in `service'
  /usr/local/lib/ruby/2.2.0/webrick/httpserver.rb:94:in `run'
  /usr/local/lib/ruby/2.2.0/webrick/server.rb:294:in `block in start_thread'


  Rendered /usr/local/lib/ruby/gems/2.2.0/gems/actionpack-4.2.1/lib/action_dispatch/middleware/templates/rescues/_trace.html.erb (1.3ms)
  Rendered /usr/local/lib/ruby/gems/2.2.0/gems/actionpack-4.2.1/lib/action_dispatch/middleware/templates/routes/_route.html.erb (0.5ms)
  Rendered /usr/local/lib/ruby/gems/2.2.0/gems/actionpack-4.2.1/lib/action_dispatch/middleware/templates/routes/_table.html.erb (1.4ms)
  Rendered /usr/local/lib/ruby/gems/2.2.0/gems/actionpack-4.2.1/lib/action_dispatch/middleware/templates/rescues/_request_and_response.html.erb (0.9ms)
  Rendered /usr/local/lib/ruby/gems/2.2.0/gems/actionpack-4.2.1/lib/action_dispatch/middleware/templates/rescues/routing_error.html.erb within rescues/layout (16.9ms)
  Rendered /usr/local/lib/ruby/gems/2.2.0/gems/web-console-2.2.1/lib/web_console/templates/_markup.html.erb (0.3ms)
  Rendered /usr/local/lib/ruby/gems/2.2.0/gems/web-console-2.2.1/lib/web_console/templates/_inner_console_markup.html.erb within layouts/inlined_string (0.2ms)
  Rendered /usr/local/lib/ruby/gems/2.2.0/gems/web-console-2.2.1/lib/web_console/templates/_prompt_box_markup.html.erb within layouts/inlined_string (0.2ms)
  Rendered /usr/local/lib/ruby/gems/2.2.0/gems/web-console-2.2.1/lib/web_console/templates/style.css.erb within layouts/inlined_string (0.3ms)
  Rendered /usr/local/lib/ruby/gems/2.2.0/gems/web-console-2.2.1/lib/web_console/templates/console.js.erb within layouts/javascript (11.4ms)
  Rendered /usr/local/lib/ruby/gems/2.2.0/gems/web-console-2.2.1/lib/web_console/templates/main.js.erb within layouts/javascript (0.3ms)
  Rendered /usr/local/lib/ruby/gems/2.2.0/gems/web-console-2.2.1/lib/web_console/templates/error_page.js.erb within layouts/javascript (0.3ms)
  Rendered /usr/local/lib/ruby/gems/2.2.0/gems/web-console-2.2.1/lib/web_console/templates/index.html.erb (23.3ms)


Started GET "/ChkPassword/?pwd=lalalalalala&level=3" for 127.0.0.1 at 2015-10-11 17:44:06 +0000
Processing by HackgameController#CheckPassword as HTML
  Parameters: {"pwd"=>"lalalalalala", "level"=>"3"}
Redirected to http://localhost:3000/hackgame/4.html
Completed 302 Found in 1ms (ActiveRecord: 0.0ms)


Started GET "/ChkPassword/?pwd=lalalalalala&level=3" for 127.0.0.1 at 2015-10-11 17:45:57 +0000
Processing by HackgameController#CheckPassword as HTML
  Parameters: {"pwd"=>"lalalalalala", "level"=>"3"}
Redirected to http://localhost:3000/hackgame/4.html
Completed 302 Found in 1ms (ActiveRecord: 0.0ms)


Started GET "/ChkPassword/?pwd=lalalalalala&level=3" for 127.0.0.1 at 2015-10-11 17:46:37 +0000
Processing by HackgameController#CheckPassword as HTML
  Parameters: {"pwd"=>"lalalalalala", "level"=>"3"}
Redirected to http://localhost:3000/hackgame/4.html
Completed 302 Found in 1ms (ActiveRecord: 0.0ms)


Started GET "/ChkPassword/?pwd=gongxigongxi&level=4" for 127.0.0.1 at 2015-10-11 17:46:48 +0000
Processing by HackgameController#CheckPassword as HTML
  Parameters: {"pwd"=>"gongxigongxi", "level"=>"4"}
Redirected to http://localhost:3000/hackgame/5.html
Completed 302 Found in 1ms (ActiveRecord: 0.0ms)


Started GET "/ChkPassword/?pwd=A401&level=5" for 127.0.0.1 at 2015-10-11 17:46:54 +0000
Processing by HackgameController#CheckPassword as HTML
  Parameters: {"pwd"=>"A401", "level"=>"5"}
Redirected to http://oss.lzu.edu.cn/2015/
Completed 302 Found in 1ms (ActiveRecord: 0.0ms)


Started GET "/ChkPassword/?pwd=hahahahahaha&level=0" for 127.0.0.1 at 2015-10-11 19:38:35 +0000
Processing by HackgameController#CheckPassword as HTML
  Parameters: {"pwd"=>"hahahahahaha", "level"=>"0"}
Redirected to http://localhost:3000/hackgame/1.html
Completed 302 Found in 1ms (ActiveRecord: 0.0ms)


Started GET "/ChkPassword/?pwd=password&auth=&level=1" for 127.0.0.1 at 2015-10-11 19:39:44 +0000
Processing by HackgameController#CheckPassword as HTML
  Parameters: {"pwd"=>"password", "auth"=>"", "level"=>"1"}
Redirected to http://localhost:3000/hackgame/1.html
Completed 302 Found in 1ms (ActiveRecord: 0.0ms)


Started GET "/ChkPassword/?pwd=PASSWORD&auth=&level=1" for 127.0.0.1 at 2015-10-11 19:40:04 +0000
Processing by HackgameController#CheckPassword as HTML
  Parameters: {"pwd"=>"PASSWORD", "auth"=>"", "level"=>"1"}
Redirected to http://localhost:3000/hackgame/1.html
Completed 302 Found in 1ms (ActiveRecord: 0.0ms)


Started GET "/ChkPassword/?pwd=password&auth=0001234567&level=1" for 127.0.0.1 at 2015-10-11 19:41:31 +0000
Processing by HackgameController#CheckPassword as HTML
  Parameters: {"pwd"=>"password", "auth"=>"0001234567", "level"=>"1"}
Redirected to http://localhost:3000/hackgame/1.html
Completed 302 Found in 1ms (ActiveRecord: 0.0ms)


Started GET "/ChkPassword/?pwd=nishigehaoren&level=2" for 127.0.0.1 at 2015-10-11 19:43:33 +0000
Processing by HackgameController#CheckPassword as HTML
  Parameters: {"pwd"=>"nishigehaoren", "level"=>"2"}
Redirected to http://localhost:3000/hackgame/3.html
Completed 302 Found in 1ms (ActiveRecord: 0.0ms)


Started GET "/ChkPassword/?pwd=4&level=4" for 127.0.0.1 at 2015-10-11 19:44:34 +0000
Processing by HackgameController#CheckPassword as HTML
  Parameters: {"pwd"=>"4", "level"=>"4"}
Redirected to http://localhost:3000/hackgame/4.html
Completed 302 Found in 1ms (ActiveRecord: 0.0ms)


Started GET "/ChkPassword/?pwd=Level+4+HTTP+Request&level=4" for 127.0.0.1 at 2015-10-11 19:45:01 +0000
Processing by HackgameController#CheckPassword as HTML
  Parameters: {"pwd"=>"Level 4 HTTP Request", "level"=>"4"}
Redirected to http://localhost:3000/hackgame/4.html
Completed 302 Found in 1ms (ActiveRecord: 0.0ms)


Started GET "/ChkPassword/?pwd=gongxigongxi&level=4" for 127.0.0.1 at 2015-10-11 19:46:01 +0000
Processing by HackgameController#CheckPassword as HTML
  Parameters: {"pwd"=>"gongxigongxi", "level"=>"4"}
Redirected to http://localhost:3000/hackgame/5.html
Completed 302 Found in 1ms (ActiveRecord: 0.0ms)


Started GET "/ChkPassword/?pwd=A401&level=5" for 127.0.0.1 at 2015-10-11 19:47:50 +0000
Processing by HackgameController#CheckPassword as HTML
  Parameters: {"pwd"=>"A401", "level"=>"5"}
Redirected to http://oss.lzu.edu.cn/2015/
Completed 302 Found in 1ms (ActiveRecord: 0.0ms)


Started GET "/ChkPassword/?pwd=password&auth=00001234567&level=1" for 127.0.0.1 at 2015-10-11 19:48:33 +0000
Processing by HackgameController#CheckPassword as HTML
  Parameters: {"pwd"=>"password", "auth"=>"00001234567", "level"=>"1"}
Redirected to http://localhost:3000/hackgame/2.html
Completed 302 Found in 1ms (ActiveRecord: 0.0ms)
